<?xml version="1.0" encoding="UTF-8"?>
<!-- Generated by org.testng.reporters.JUnitReportReporter -->
<testsuite hostname="Bobby" failures="0" tests="1" name="testCases.TC001_AccountRegistrationpage" time="3.090" errors="0" timestamp="2025-08-29T22:22:34 IST" skipped="0">
  <testcase classname="testCases.TC001_AccountRegistrationpage" name="verifyaccountregistration" time="3.090"/>
  <system-out/>
</testsuite> <!-- testCases.TC001_AccountRegistrationpage -->
