<?xml version="1.0" encoding="UTF-8"?>
<!-- Generated by org.testng.reporters.JUnitReportReporter -->
<testsuite hostname="Bobby" failures="0" tests="1" name="testCases.TC001_AccountRegistrationTest" time="7.506" errors="0" timestamp="2025-09-13T13:58:26 IST" skipped="0">
  <testcase classname="testCases.TC001_AccountRegistrationTest" name="verifyaccountregistration" time="7.506"/>
  <system-out/>
</testsuite> <!-- testCases.TC001_AccountRegistrationTest -->
